\BOOKMARK [0][-]{chapter.1}{Introduction}{}% 1
\BOOKMARK [1][-]{section.1.1}{Background to the study}{chapter.1}% 2
\BOOKMARK [1][-]{section.1.2}{Objectives of this study}{chapter.1}% 3
\BOOKMARK [2][-]{subsection.1.2.1}{Problems to be investigated}{section.1.2}% 4
\BOOKMARK [2][-]{subsection.1.2.2}{Purpose of the study}{section.1.2}% 5
\BOOKMARK [1][-]{section.1.3}{Scope and Limitations}{chapter.1}% 6
\BOOKMARK [1][-]{section.1.4}{Plan of development}{chapter.1}% 7
\BOOKMARK [0][-]{chapter.2}{Literature Review}{}% 8
\BOOKMARK [1][-]{section.2.1}{Gait sequence modelling and estimation}{chapter.2}% 9
\BOOKMARK [2][-]{subsection.2.1.1}{Quadrupede gait modelling}{section.2.1}% 10
\BOOKMARK [2][-]{subsection.2.1.2}{Quadrupede gait estimation}{section.2.1}% 11
\BOOKMARK [1][-]{section.2.2}{Case study: Inertia Measurement Unit}{chapter.2}% 12
\BOOKMARK [1][-]{section.2.3}{Hidden Markov Models}{chapter.2}% 13
\BOOKMARK [2][-]{subsection.2.3.1}{HMM parameters specification}{section.2.3}% 14
\BOOKMARK [2][-]{subsection.2.3.2}{Three fundamental problems for HMM design}{section.2.3}% 15
\BOOKMARK [2][-]{subsection.2.3.3}{Assumptions}{section.2.3}% 16
\BOOKMARK [2][-]{subsection.2.3.4}{Transition Probability Matrix}{section.2.3}% 17
\BOOKMARK [2][-]{subsection.2.3.5}{Emission Probability Matrix}{section.2.3}% 18
\BOOKMARK [2][-]{subsection.2.3.6}{Initial distribution}{section.2.3}% 19
\BOOKMARK [2][-]{subsection.2.3.7}{Elements of an HMM}{section.2.3}% 20
\BOOKMARK [2][-]{subsection.2.3.8}{Types of HMM}{section.2.3}% 21
\BOOKMARK [1][-]{section.2.4}{k-Nearest Neighbour}{chapter.2}% 22
\BOOKMARK [1][-]{section.2.5}{Dimension reduction}{chapter.2}% 23
\BOOKMARK [2][-]{subsection.2.5.1}{Feature selection}{section.2.5}% 24
\BOOKMARK [1][-]{section.2.6}{Sufficiency of Training Data}{chapter.2}% 25
\BOOKMARK [1][-]{section.2.7}{Techniques to increase Training Data}{chapter.2}% 26
\BOOKMARK [2][-]{subsection.2.7.1}{Mirroring}{section.2.7}% 27
\BOOKMARK [0][-]{chapter.3}{Hidden Markov Model design}{}% 28
\BOOKMARK [1][-]{section.3.1}{Description of available dataset}{chapter.3}% 29
\BOOKMARK [2][-]{subsection.3.1.1}{Quadrupede Gait sequence modelling}{section.3.1}% 30
\BOOKMARK [2][-]{subsection.3.1.2}{Data pre-processing}{section.3.1}% 31
\BOOKMARK [2][-]{subsection.3.1.3}{Model parameters estimation}{section.3.1}% 32
\BOOKMARK [2][-]{subsection.3.1.4}{Dimension reduction}{section.3.1}% 33
\BOOKMARK [2][-]{subsection.3.1.5}{Continuous observations/features to Discrete observations/features}{section.3.1}% 34
\BOOKMARK [1][-]{section.3.2}{HMM implementation}{chapter.3}% 35
\BOOKMARK [0][-]{chapter.4}{Results}{}% 36
\BOOKMARK [1][-]{section.4.1}{Aim}{chapter.4}% 37
\BOOKMARK [1][-]{section.4.2}{Apparatus}{chapter.4}% 38
\BOOKMARK [1][-]{section.4.3}{Methods}{chapter.4}% 39
\BOOKMARK [1][-]{section.4.4}{Results}{chapter.4}% 40
\BOOKMARK [1][-]{section.4.5}{Analysis}{chapter.4}% 41
\BOOKMARK [2][-]{subsection.4.5.1}{Discrete Probability density function duration d in state i}{section.4.5}% 42
\BOOKMARK [2][-]{subsection.4.5.2}{Expected number of observations \(duration\) in a state}{section.4.5}% 43
\BOOKMARK [1][-]{section.4.6}{Experimental Results}{chapter.4}% 44
\BOOKMARK [0][-]{chapter.5}{Discussion}{}% 45
\BOOKMARK [0][-]{chapter.6}{Conclusions}{}% 46
\BOOKMARK [0][-]{chapter.7}{Recommendations}{}% 47
\BOOKMARK [0][-]{appendix.A}{Additional Files and Schematics}{}% 48
\BOOKMARK [0][-]{appendix.B}{Addenda}{}% 49
\BOOKMARK [1][-]{section.B.1}{Ethics Forms}{appendix.B}% 50
